Mplus VERSION 7.4
MUTHEN & MUTHEN
06/14/2016  11:55 AM

INPUT INSTRUCTIONS

  TITLE:    Contribution reliability;

  ! Syntax adapted from Bolger & Laurenceau (2013, p. 139)

  DATA:     FILE IS epa_items.csv;
  VARIABLE: NAMES ARE id obs ex1 ex2 ex3 ex4 ex5 ex6
  pa1 pa2 pa3 pow1 pow2 cont1 cont2 cont3;
  USEVAR = cont1 cont2 cont3 obs;
  WITHIN = obs;
  CLUSTER = id;
  ANALYSIS: TYPE = TWOLEVEL ;
  PROCESSORS=4;
  MODEL:    %WITHIN%
              Contw by
            cont1* (a)
            cont2 cont3 (b-c);
            cont1 cont2 cont3 (d-f);
            Contw@1;
            cont1 cont2 cont3 on obs;
            %BETWEEN%
              Contb by
              cont1*
              cont2 cont3 ;
              Contb@1;
              cont1 cont2 cont3 ;
            MODEL CONSTRAINT:
              new (omega);
              omega=((a+b+c)**2)/((a+b+c)**2 + (d+e+f));
  OUTPUT:   sampstat;



INPUT READING TERMINATED NORMALLY



Contribution reliability;

SUMMARY OF ANALYSIS

Number of groups                                                 1
Number of observations                                        1841

Number of dependent variables                                    3
Number of independent variables                                  1
Number of continuous latent variables                            2

Observed dependent variables

  Continuous
   CONT1       CONT2       CONT3

Observed independent variables
   OBS

Continuous latent variables
   CONTW       CONTB

Variables with special functions

  Cluster variable      ID

  Within variables
   OBS


Estimator                                                      MLR
Information matrix                                        OBSERVED
Maximum number of iterations                                   100
Convergence criterion                                    0.100D-05
Maximum number of EM iterations                                500
Convergence criteria for the EM algorithm
  Loglikelihood change                                   0.100D-02
  Relative loglikelihood change                          0.100D-05
  Derivative                                             0.100D-03
Minimum variance                                         0.100D-03
Maximum number of steepest descent iterations                   20
Maximum number of iterations for H1                           2000
Convergence criterion for H1                             0.100D-03
Optimization algorithm                                         EMA

Input data file(s)
  epa_items.csv
Input data format  FREE


SUMMARY OF DATA

     Number of clusters                         62

     Average cluster size       29.694

     Estimated Intraclass Correlations for the Y Variables

                Intraclass              Intraclass              Intraclass
     Variable  Correlation   Variable  Correlation   Variable  Correlation

     CONT1        0.238      CONT2        0.185      CONT3        0.217



SAMPLE STATISTICS

NOTE:  The sample statistics for within and between refer to the
       maximum-likelihood estimated within and between covariance
       matrices, respectively.


     ESTIMATED SAMPLE STATISTICS FOR WITHIN


           Means
              CONT1         CONT2         CONT3         OBS
              ________      ________      ________      ________
 1              0.000         0.000         0.000        15.930


           Covariances
              CONT1         CONT2         CONT3         OBS
              ________      ________      ________      ________
 CONT1          4.221
 CONT2          2.234         5.220
 CONT3          1.672         3.971         5.189
 OBS            1.145         2.252         1.701        89.731


           Correlations
              CONT1         CONT2         CONT3         OBS
              ________      ________      ________      ________
 CONT1          1.000
 CONT2          0.476         1.000
 CONT3          0.357         0.763         1.000
 OBS            0.059         0.104         0.079         1.000


     ESTIMATED SAMPLE STATISTICS FOR BETWEEN


           Means
              CONT1         CONT2         CONT3         OBS
              ________      ________      ________      ________
 1              5.670         4.310         4.316         0.000


           Covariances
              CONT1         CONT2         CONT3         OBS
              ________      ________      ________      ________
 CONT1          1.318
 CONT2          0.392         1.184
 CONT3          0.499         1.264         1.440
 OBS            0.000         0.000         0.000         0.000


           Correlations
              CONT1         CONT2         CONT3         OBS
              ________      ________      ________      ________
 CONT1          1.000
 CONT2          0.314         1.000
 CONT3          0.362         0.968         1.000
 OBS            0.000         0.000         0.000         0.000


UNIVARIATE SAMPLE STATISTICS


     UNIVARIATE HIGHER-ORDER MOMENT DESCRIPTIVE STATISTICS

         Variable/         Mean/     Skewness/   Minimum/ % with                Percentiles
        Sample Size      Variance    Kurtosis    Maximum  Min/Max      20%/60%    40%/80%    Median

     CONT1                 5.680      -0.422       0.000    2.93%       4.000      5.000      6.000
            1841.000       5.477      -0.271      10.000    4.45%       7.000      8.000
     CONT2                 4.315      -0.013       0.000    9.56%       2.000      4.000      4.000
            1841.000       6.412      -0.813      10.000    1.74%       5.000      7.000
     CONT3                 4.318      -0.057       0.000   10.76%       2.000      4.000      4.000
            1841.000       6.637      -0.839      10.000    2.01%       5.000      7.000
     OBS                  15.930       0.268       1.000    3.37%       6.000     12.000     15.000
            1841.000      89.731      -0.846      42.000    0.05%      18.000     25.000


THE MODEL ESTIMATION TERMINATED NORMALLY

     WARNING:  THE LATENT VARIABLE COVARIANCE MATRIX (PSI) IS NOT POSITIVE
     DEFINITE.  THIS COULD INDICATE A NEGATIVE VARIANCE/RESIDUAL VARIANCE FOR A
     LATENT VARIABLE, A CORRELATION GREATER OR EQUAL TO ONE BETWEEN TWO LATENT
     VARIABLES, OR A LINEAR DEPENDENCY AMONG MORE THAN TWO LATENT VARIABLES.
     CHECK THE TECH4 OUTPUT FOR MORE INFORMATION.



MODEL FIT INFORMATION

Number of Free Parameters                       18

Loglikelihood

          H0 Value                      -11315.362
          H0 Scaling Correction Factor      2.4905
            for MLR
          H1 Value                      -11315.362
          H1 Scaling Correction Factor      2.4905
            for MLR

Information Criteria

          Akaike (AIC)                   22666.725
          Bayesian (BIC)                 22766.050
          Sample-Size Adjusted BIC       22708.864
            (n* = (n + 2) / 24)

Chi-Square Test of Model Fit

          Value                              0.000*
          Degrees of Freedom                     0
          P-Value                           1.0000
          Scaling Correction Factor         1.0000
            for MLR

*   The chi-square value for MLM, MLMV, MLR, ULSMV, WLSM and WLSMV cannot be used
    for chi-square difference testing in the regular way.  MLM, MLR and WLSM
    chi-square difference testing is described on the Mplus website.  MLMV, WLSMV,
    and ULSMV difference testing is done using the DIFFTEST option.

RMSEA (Root Mean Square Error Of Approximation)

          Estimate                           0.000

CFI/TLI

          CFI                                1.000
          TLI                                1.000

Chi-Square Test of Model Fit for the Baseline Model

          Value                            912.061
          Degrees of Freedom                     9
          P-Value                           0.0000

SRMR (Standardized Root Mean Square Residual)

          Value for Within                   0.000
          Value for Between                  0.000



MODEL RESULTS

                                                    Two-Tailed
                    Estimate       S.E.  Est./S.E.    P-Value

Within Level

 CONTW    BY
    CONT1              0.963      0.102      9.418      0.000
    CONT2              2.291      0.100     22.844      0.000
    CONT3              1.715      0.089     19.369      0.000

 CONT1      ON
    OBS                0.013      0.007      1.805      0.071

 CONT2      ON
    OBS                0.025      0.008      3.184      0.001

 CONT3      ON
    OBS                0.019      0.007      2.769      0.006

 Variances
    CONTW              1.000      0.000    999.000    999.000

 Residual Variances
    CONT1              3.279      0.287     11.438      0.000
    CONT2             -0.084      0.223     -0.379      0.705
    CONT3              2.217      0.226      9.809      0.000

Between Level

 CONTB    BY
    CONT1              0.393      0.193      2.032      0.042
    CONT2              0.996      0.119      8.404      0.000
    CONT3              1.269      0.179      7.100      0.000

 Intercepts
    CONT1              5.467      0.186     29.459      0.000
    CONT2              3.910      0.184     21.261      0.000
    CONT3              4.014      0.191     21.063      0.000

 Variances
    CONTB              1.000      0.000    999.000    999.000

 Residual Variances
    CONT1              1.163      0.292      3.981      0.000
    CONT2              0.191      0.150      1.280      0.200
    CONT3             -0.170      0.229     -0.742      0.458

New/Additional Parameters
    OMEGA              0.820      0.011     73.295      0.000


QUALITY OF NUMERICAL RESULTS

     Condition Number for the Information Matrix              0.193E-05
       (ratio of smallest to largest eigenvalue)


DIAGRAM INFORMATION

  Mplus diagrams are currently not available for multilevel analysis.
  No diagram output was produced.


     Beginning Time:  11:55:36
        Ending Time:  11:55:36
       Elapsed Time:  00:00:00



MUTHEN & MUTHEN
3463 Stoner Ave.
Los Angeles, CA  90066

Tel: (310) 391-9971
Fax: (310) 391-8971
Web: www.StatModel.com
Support: Support@StatModel.com

Copyright (c) 1998-2015 Muthen & Muthen
