Mplus VERSION 7.4
MUTHEN & MUTHEN
06/14/2016  11:55 AM

INPUT INSTRUCTIONS

  TITLE:    Power reliability;

  ! Syntax adapted from Bolger & Laurenceau (2013, p. 139)

  DATA:     FILE IS epa_items.csv;
  VARIABLE: NAMES ARE id obs ex1 ex2 ex3 ex4 ex5 ex6
  pa1 pa2 pa3 pow1 pow2 cont1 cont2 cont3;
  USEVAR = pow1 pow2 obs;
  WITHIN = obs;
  CLUSTER = id;
  ANALYSIS: TYPE = TWOLEVEL ;
  PROCESSORS=4;
  MODEL:    %WITHIN%
              Poww by
            pow1* (a)
            pow2 (b);
            pow1 pow2(c-d);
            Poww@1;
            pow1 pow2 on obs;
            %BETWEEN%
              Powb by
              pow1*
              pow2 ;
              Powb@1;
              pow1 pow2 ;
            MODEL CONSTRAINT:
              new (omega);
              omega=((a+b)**2)/((a+b)**2 + (c+d));
  OUTPUT:   sampstat;



INPUT READING TERMINATED NORMALLY



Power reliability;

SUMMARY OF ANALYSIS

Number of groups                                                 1
Number of observations                                        1841

Number of dependent variables                                    2
Number of independent variables                                  1
Number of continuous latent variables                            2

Observed dependent variables

  Continuous
   POW1        POW2

Observed independent variables
   OBS

Continuous latent variables
   POWW        POWB

Variables with special functions

  Cluster variable      ID

  Within variables
   OBS


Estimator                                                      MLR
Information matrix                                        OBSERVED
Maximum number of iterations                                   100
Convergence criterion                                    0.100D-05
Maximum number of EM iterations                                500
Convergence criteria for the EM algorithm
  Loglikelihood change                                   0.100D-02
  Relative loglikelihood change                          0.100D-05
  Derivative                                             0.100D-03
Minimum variance                                         0.100D-03
Maximum number of steepest descent iterations                   20
Maximum number of iterations for H1                           2000
Convergence criterion for H1                             0.100D-03
Optimization algorithm                                         EMA

Input data file(s)
  epa_items.csv
Input data format  FREE


SUMMARY OF DATA

     Number of clusters                         62

     Average cluster size       29.694

     Estimated Intraclass Correlations for the Y Variables

                Intraclass              Intraclass
     Variable  Correlation   Variable  Correlation

     POW1         0.229      POW2         0.221



SAMPLE STATISTICS

NOTE:  The sample statistics for within and between refer to the
       maximum-likelihood estimated within and between covariance
       matrices, respectively.


     ESTIMATED SAMPLE STATISTICS FOR WITHIN


           Means
              POW1          POW2          OBS
              ________      ________      ________
 1              0.000         0.000        15.930


           Covariances
              POW1          POW2          OBS
              ________      ________      ________
 POW1           4.472
 POW2           4.047         4.814
 OBS            0.466         0.557        89.731


           Correlations
              POW1          POW2          OBS
              ________      ________      ________
 POW1           1.000
 POW2           0.872         1.000
 OBS            0.023         0.027         1.000


     ESTIMATED SAMPLE STATISTICS FOR BETWEEN


           Means
              POW1          POW2          OBS
              ________      ________      ________
 1              3.705         3.847         0.000


           Covariances
              POW1          POW2          OBS
              ________      ________      ________
 POW1           1.326
 POW2           1.319         1.366
 OBS            0.000         0.000         0.000


           Correlations
              POW1          POW2          OBS
              ________      ________      ________
 POW1           1.000
 POW2           0.980         1.000
 OBS            0.000         0.000         0.000


UNIVARIATE SAMPLE STATISTICS


     UNIVARIATE HIGHER-ORDER MOMENT DESCRIPTIVE STATISTICS

         Variable/         Mean/     Skewness/   Minimum/ % with                Percentiles
        Sample Size      Variance    Kurtosis    Maximum  Min/Max      20%/60%    40%/80%    Median

     POW1                  3.712       0.110       0.000   13.58%       1.000      3.000      4.000
            1841.000       5.809      -0.771      10.000    0.92%       4.000      6.000
     POW2                  3.857       0.076       0.000   12.87%       1.000      3.000      4.000
            1841.000       6.177      -0.882      10.000    0.87%       5.000      6.000
     OBS                  15.930       0.268       1.000    3.37%       6.000     12.000     15.000
            1841.000      89.731      -0.846      42.000    0.05%      18.000     25.000

     WARNING: THE MODEL ESTIMATION HAS REACHED A SADDLE POINT OR A POINT WHERE THE
     OBSERVED AND THE EXPECTED INFORMATION MATRICES DO NOT MATCH.
     AN ADJUSTMENT TO THE ESTIMATION OF THE INFORMATION MATRIX HAS BEEN MADE.
     THE CONDITION NUMBER IS      -0.663D-09.
     THE PROBLEM MAY ALSO BE RESOLVED BY DECREASING THE VALUE OF THE
     MCONVERGENCE OR LOGCRITERION OPTIONS OR BY CHANGING THE STARTING VALUES
     OR BY USING THE MLF ESTIMATOR.

     THE STANDARD ERRORS OF THE MODEL PARAMETER ESTIMATES MAY NOT BE
     TRUSTWORTHY FOR SOME PARAMETERS DUE TO A NON-POSITIVE DEFINITE
     FIRST-ORDER DERIVATIVE PRODUCT MATRIX.  THIS MAY BE DUE TO THE STARTING
     VALUES BUT MAY ALSO BE AN INDICATION OF MODEL NONIDENTIFICATION.  THE
     CONDITION NUMBER IS      -0.769D-16.  PROBLEM INVOLVING THE FOLLOWING PARAMETER:
     Parameter 6, %WITHIN%: POW2 (equality/label)


THE MODEL ESTIMATION TERMINATED NORMALLY

     WARNING:  THE LATENT VARIABLE COVARIANCE MATRIX (PSI) IS NOT POSITIVE
     DEFINITE.  THIS COULD INDICATE A NEGATIVE VARIANCE/RESIDUAL VARIANCE FOR A
     LATENT VARIABLE, A CORRELATION GREATER OR EQUAL TO ONE BETWEEN TWO LATENT
     VARIABLES, OR A LINEAR DEPENDENCY AMONG MORE THAN TWO LATENT VARIABLES.
     CHECK THE TECH4 OUTPUT FOR MORE INFORMATION.

     THE MODEL IS NOT IDENTIFIED.  THE DEGREES OF FREEDOM FOR THIS MODEL ARE
     NEGATIVE.  CHI-SQUARE TEST AND SAMPLE STATISTICS ARE NOT AVAILABLE.




MODEL FIT INFORMATION

Number of Free Parameters                       12

Loglikelihood

          H0 Value                       -6829.935
          H0 Scaling Correction Factor      2.7084
            for MLR

Information Criteria

          Akaike (AIC)                   13683.871
          Bayesian (BIC)                 13750.087
          Sample-Size Adjusted BIC       13711.964
            (n* = (n + 2) / 24)



MODEL RESULTS

                                                    Two-Tailed
                    Estimate       S.E.  Est./S.E.    P-Value

Within Level

 POWW     BY
    POW1               2.023      0.087     23.135      0.000
    POW2               1.999      0.094     21.163      0.000

 POW1       ON
    OBS                0.005      0.007      0.769      0.442

 POW2       ON
    OBS                0.006      0.007      0.907      0.364

 Variances
    POWW               1.000      0.000    999.000    999.000

 Residual Variances
    POW1               0.375      0.068      5.486      0.000
    POW2               0.816      0.068     11.981      0.000

Between Level

 POWB     BY
    POW1               1.160      0.123      9.398      0.000
    POW2               1.137      0.122      9.342      0.000

 Intercepts
    POW1               3.622      0.169     21.419      0.000
    POW2               3.748      0.179     20.890      0.000

 Variances
    POWB               1.000      0.000    999.000    999.000

 Residual Variances
    POW1              -0.019      0.070     -0.272      0.786
    POW2               0.072      0.086      0.839      0.402

New/Additional Parameters
    OMEGA              0.931      0.009    101.152      0.000


QUALITY OF NUMERICAL RESULTS

     Condition Number for the Information Matrix             -0.663E-09
       (ratio of smallest to largest eigenvalue)


TECHNICAL 1 OUTPUT


     PARAMETER SPECIFICATION FOR WITHIN


           NU
              POW1          POW2          OBS
              ________      ________      ________
 1                  0             0             0


           LAMBDA
              POWW          POWB          POW1          POW2          OBS
              ________      ________      ________      ________      ________
 POW1               0             0             0             0             0
 POW2               0             0             0             0             0
 OBS                0             0             0             0             0


           THETA
              POW1          POW2          OBS
              ________      ________      ________
 POW1               0
 POW2               0             0
 OBS                0             0             0


           ALPHA
              POWW          POWB          POW1          POW2          OBS
              ________      ________      ________      ________      ________
 1                  0             0             0             0             0


           BETA
              POWW          POWB          POW1          POW2          OBS
              ________      ________      ________      ________      ________
 POWW               0             0             0             0             0
 POWB               0             0             0             0             0
 POW1               1             0             0             0             2
 POW2               3             0             0             0             4
 OBS                0             0             0             0             0


           PSI
              POWW          POWB          POW1          POW2          OBS
              ________      ________      ________      ________      ________
 POWW               0
 POWB               0             0
 POW1               0             0             5
 POW2               0             0             0             6
 OBS                0             0             0             0             0


     PARAMETER SPECIFICATION FOR BETWEEN


           NU
              POW1          POW2          OBS
              ________      ________      ________
 1                  0             0             0


           LAMBDA
              POWW          POWB          POW1          POW2          OBS
              ________      ________      ________      ________      ________
 POW1               0             0             0             0             0
 POW2               0             0             0             0             0
 OBS                0             0             0             0             0


           THETA
              POW1          POW2          OBS
              ________      ________      ________
 POW1               0
 POW2               0             0
 OBS                0             0             0


           ALPHA
              POWW          POWB          POW1          POW2          OBS
              ________      ________      ________      ________      ________
 1                  0             0             7             8             0


           BETA
              POWW          POWB          POW1          POW2          OBS
              ________      ________      ________      ________      ________
 POWW               0             0             0             0             0
 POWB               0             0             0             0             0
 POW1               0             9             0             0             0
 POW2               0            10             0             0             0
 OBS                0             0             0             0             0


           PSI
              POWW          POWB          POW1          POW2          OBS
              ________      ________      ________      ________      ________
 POWW               0
 POWB               0             0
 POW1               0             0            11
 POW2               0             0             0            12
 OBS                0             0             0             0             0


     PARAMETER SPECIFICATION FOR THE ADDITIONAL PARAMETERS


           NEW/ADDITIONAL PARAMETERS
              OMEGA
              ________
 1                 13


     STARTING VALUES FOR WITHIN


           NU
              POW1          POW2          OBS
              ________      ________      ________
 1              0.000         0.000         0.000


           LAMBDA
              POWW          POWB          POW1          POW2          OBS
              ________      ________      ________      ________      ________
 POW1           0.000         0.000         1.000         0.000         0.000
 POW2           0.000         0.000         0.000         1.000         0.000
 OBS            0.000         0.000         0.000         0.000         1.000


           THETA
              POW1          POW2          OBS
              ________      ________      ________
 POW1           0.000
 POW2           0.000         0.000
 OBS            0.000         0.000         0.000


           ALPHA
              POWW          POWB          POW1          POW2          OBS
              ________      ________      ________      ________      ________
 1              0.000         0.000         0.000         0.000         0.000


           BETA
              POWW          POWB          POW1          POW2          OBS
              ________      ________      ________      ________      ________
 POWW           0.000         0.000         0.000         0.000         0.000
 POWB           0.000         0.000         0.000         0.000         0.000
 POW1           1.000         0.000         0.000         0.000         0.000
 POW2           1.000         0.000         0.000         0.000         0.000
 OBS            0.000         0.000         0.000         0.000         0.000


           PSI
              POWW          POWB          POW1          POW2          OBS
              ________      ________      ________      ________      ________
 POWW           1.000
 POWB           0.000         0.000
 POW1           0.000         0.000         2.904
 POW2           0.000         0.000         0.000         3.088
 OBS            0.000         0.000         0.000         0.000        44.865


     STARTING VALUES FOR BETWEEN


           NU
              POW1          POW2          OBS
              ________      ________      ________
 1              0.000         0.000         0.000


           LAMBDA
              POWW          POWB          POW1          POW2          OBS
              ________      ________      ________      ________      ________
 POW1           0.000         0.000         1.000         0.000         0.000
 POW2           0.000         0.000         0.000         1.000         0.000
 OBS            0.000         0.000         0.000         0.000         1.000


           THETA
              POW1          POW2          OBS
              ________      ________      ________
 POW1           0.000
 POW2           0.000         0.000
 OBS            0.000         0.000         0.000


           ALPHA
              POWW          POWB          POW1          POW2          OBS
              ________      ________      ________      ________      ________
 1              0.000         0.000         3.712         3.857         0.000


           BETA
              POWW          POWB          POW1          POW2          OBS
              ________      ________      ________      ________      ________
 POWW           0.000         0.000         0.000         0.000         0.000
 POWB           0.000         0.000         0.000         0.000         0.000
 POW1           0.000         1.000         0.000         0.000         0.000
 POW2           0.000         1.000         0.000         0.000         0.000
 OBS            0.000         0.000         0.000         0.000         0.000


           PSI
              POWW          POWB          POW1          POW2          OBS
              ________      ________      ________      ________      ________
 POWW           0.000
 POWB           0.000         1.000
 POW1           0.000         0.000         2.904
 POW2           0.000         0.000         0.000         3.088
 OBS            0.000         0.000         0.000         0.000         0.000


     STARTING VALUES FOR THE ADDITIONAL PARAMETERS


           NEW/ADDITIONAL PARAMETERS
              OMEGA
              ________
 1              0.500


DIAGRAM INFORMATION

  Mplus diagrams are currently not available for multilevel analysis.
  No diagram output was produced.


     Beginning Time:  11:55:30
        Ending Time:  11:55:30
       Elapsed Time:  00:00:00



MUTHEN & MUTHEN
3463 Stoner Ave.
Los Angeles, CA  90066

Tel: (310) 391-9971
Fax: (310) 391-8971
Web: www.StatModel.com
Support: Support@StatModel.com

Copyright (c) 1998-2015 Muthen & Muthen
