Mplus VERSION 7.4
MUTHEN & MUTHEN
02/29/2016  10:31 AM

INPUT INSTRUCTIONS

  TITLE:      Does trait extraversion predict extraverted states across the week?

  DATA:       FILE IS epa_example.csv;

  VARIABLE:    NAMES ARE id extrav e pa cont pow est past powst contst 
             timeel social semi;

              MISSING ARE *;

              USEVARIABLES ARE id extrav e;

              BETWEEN ARE extrav; ! identify variables with only between variance
              ! variables that are not specified as between or within can have both
              ! between and within variance

              CLUSTER = id;

  ANALYSIS:   TYPE = TWOLEVEL RANDOM; ESTIMATOR=ml;

  MODEL:      %WITHIN%
              e; ! estimate level 1 residual variance

              %BETWEEN%
              extrav; ! estimate level 2 residual variance
              e ON extrav;

  OUTPUT:     TECH1 TECH8 CINTERVAL;



INPUT READING TERMINATED NORMALLY



Does trait extraversion predict extraverted states across the week?

SUMMARY OF ANALYSIS

Number of groups                                                 1
Number of observations                                        1841

Number of dependent variables                                    1
Number of independent variables                                  1
Number of continuous latent variables                            0

Observed dependent variables

  Continuous
   E

Observed independent variables
   EXTRAV

Variables with special functions

  Cluster variable      ID

  Between variables
   EXTRAV


Estimator                                                       ML
Information matrix                                        OBSERVED
Maximum number of iterations                                   100
Convergence criterion                                    0.100D-05
Maximum number of EM iterations                                500
Convergence criteria for the EM algorithm
  Loglikelihood change                                   0.100D-02
  Relative loglikelihood change                          0.100D-05
  Derivative                                             0.100D-03
Minimum variance                                         0.100D-03
Maximum number of steepest descent iterations                   20
Maximum number of iterations for H1                           2000
Convergence criterion for H1                             0.100D-03
Optimization algorithm                                         EMA

Input data file(s)
  epa_example2.csv
Input data format  FREE


SUMMARY OF DATA

     Number of missing data patterns             1
     Number of clusters                         62

     Average cluster size       29.694

     Estimated Intraclass Correlations for the Y Variables

                Intraclass
     Variable  Correlation

     E            0.135



COVARIANCE COVERAGE OF DATA

Minimum covariance coverage value   0.100


     PROPORTION OF DATA PRESENT


           Covariance Coverage
              EXTRAV        E
              ________      ________
 EXTRAV         1.000
 E              1.000         1.000



THE MODEL ESTIMATION TERMINATED NORMALLY



MODEL FIT INFORMATION

Number of Free Parameters                        6

Loglikelihood

          H0 Value                       -4028.628
          H1 Value                       -4028.628

Information Criteria

          Akaike (AIC)                    8069.256
          Bayesian (BIC)                  8102.365
          Sample-Size Adjusted BIC        8083.303
            (n* = (n + 2) / 24)

Chi-Square Test of Model Fit

          Value                              0.000
          Degrees of Freedom                     0
          P-Value                           0.0000

RMSEA (Root Mean Square Error Of Approximation)

          Estimate                           0.000

CFI/TLI

          CFI                                0.000
          TLI                                1.000

Chi-Square Test of Model Fit for the Baseline Model

          Value                              0.000
          Degrees of Freedom                     1
          P-Value                           0.9938

SRMR (Standardized Root Mean Square Residual)

          Value for Within                   0.000
          Value for Between                  0.000



MODEL RESULTS

                                                    Two-Tailed
                    Estimate       S.E.  Est./S.E.    P-Value

Within Level

 Variances
    E                  4.211      0.141     29.824      0.000

Between Level

 E          ON
    EXTRAV             0.002      0.250      0.009      0.993

 Means
    EXTRAV             3.364      0.058     57.640      0.000

 Intercepts
    E                  4.339      0.848      5.117      0.000

 Variances
    EXTRAV             0.211      0.038      5.568      0.000

 Residual Variances
    E                  0.660      0.146      4.530      0.000


QUALITY OF NUMERICAL RESULTS

     Condition Number for the Information Matrix              0.452E-04
       (ratio of smallest to largest eigenvalue)


CONFIDENCE INTERVALS OF MODEL RESULTS

                  Lower .5%  Lower 2.5%    Lower 5%    Estimate    Upper 5%  Upper 2.5%   Upper .5%

Within Level

 Variances
    E                3.847       3.934       3.979       4.211       4.443       4.488       4.575

Between Level

 E        ON
    EXTRAV          -0.642      -0.488      -0.409       0.002       0.413       0.492       0.646

 Means
    EXTRAV           3.213       3.249       3.268       3.364       3.460       3.478       3.514

 Intercepts
    E                2.155       2.677       2.944       4.339       5.734       6.001       6.523

 Variances
    EXTRAV           0.113       0.137       0.149       0.211       0.274       0.285       0.309

 Residual Variances
    E                0.284       0.374       0.420       0.660       0.899       0.945       1.035


TECHNICAL 1 OUTPUT


     PARAMETER SPECIFICATION FOR WITHIN


           NU
              EXTRAV        E
              ________      ________
 1                  0             0


           LAMBDA
              EXTRAV        E
              ________      ________
 EXTRAV             0             0
 E                  0             0


           THETA
              EXTRAV        E
              ________      ________
 EXTRAV             0
 E                  0             0


           ALPHA
              EXTRAV        E
              ________      ________
 1                  0             0


           BETA
              EXTRAV        E
              ________      ________
 EXTRAV             0             0
 E                  0             0


           PSI
              EXTRAV        E
              ________      ________
 EXTRAV             0
 E                  0             1


     PARAMETER SPECIFICATION FOR BETWEEN


           NU
              EXTRAV        E
              ________      ________
 1                  0             0


           LAMBDA
              EXTRAV        E
              ________      ________
 EXTRAV             0             0
 E                  0             0


           THETA
              EXTRAV        E
              ________      ________
 EXTRAV             0
 E                  0             0


           ALPHA
              EXTRAV        E
              ________      ________
 1                  2             3


           BETA
              EXTRAV        E
              ________      ________
 EXTRAV             0             0
 E                  4             0


           PSI
              EXTRAV        E
              ________      ________
 EXTRAV             5
 E                  0             6


     STARTING VALUES FOR WITHIN


           NU
              EXTRAV        E
              ________      ________
 1              0.000         0.000


           LAMBDA
              EXTRAV        E
              ________      ________
 EXTRAV         1.000         0.000
 E              0.000         1.000


           THETA
              EXTRAV        E
              ________      ________
 EXTRAV         0.000
 E              0.000         0.000


           ALPHA
              EXTRAV        E
              ________      ________
 1              0.000         0.000


           BETA
              EXTRAV        E
              ________      ________
 EXTRAV         0.000         0.000
 E              0.000         0.000


           PSI
              EXTRAV        E
              ________      ________
 EXTRAV         0.000
 E              0.000         2.426


     STARTING VALUES FOR BETWEEN


           NU
              EXTRAV        E
              ________      ________
 1              0.000         0.000


           LAMBDA
              EXTRAV        E
              ________      ________
 EXTRAV         1.000         0.000
 E              0.000         1.000


           THETA
              EXTRAV        E
              ________      ________
 EXTRAV         0.000
 E              0.000         0.000


           ALPHA
              EXTRAV        E
              ________      ________
 1              3.359         4.346


           BETA
              EXTRAV        E
              ________      ________
 EXTRAV         0.000         0.000
 E              0.000         0.000


           PSI
              EXTRAV        E
              ________      ________
 EXTRAV         0.099
 E              0.000         2.426


TECHNICAL 8 OUTPUT


   E STEP  ITER  LOGLIKELIHOOD    ABS CHANGE   REL CHANGE  ALGORITHM
              1 -0.42180917D+04    0.0000000    0.0000000  EM
              2 -0.40292990D+04  188.7927292    0.0447579  EM
              3 -0.40286859D+04    0.6130768    0.0001522  EM
              4 -0.40286343D+04    0.0516088    0.0000128  EM
              5 -0.40286288D+04    0.0055361    0.0000014  EM
              6 -0.40286281D+04    0.0006184    0.0000002  EM


   TECHNICAL 8 OUTPUT FOR THE H1 MODEL


   E STEP  ITER  LOGLIKELIHOOD    ABS CHANGE   REL CHANGE  ALGORITHM
              1 -0.40295667D+04    0.0000000    0.0000000  EM
              2 -0.40286759D+04    0.8907806    0.0002211  EM
              3 -0.40286332D+04    0.0427399    0.0000106  EM
              4 -0.40286286D+04    0.0045734    0.0000011  EM
              5 -0.40286281D+04    0.0005118    0.0000001  EM
              6 -0.40286281D+04    0.0000580    0.0000000  EM


   TECHNICAL 8 OUTPUT FOR THE BASELINE MODEL


   E STEP  ITER  LOGLIKELIHOOD    ABS CHANGE   REL CHANGE  ALGORITHM
              1 -0.40286281D+04    0.0000000    0.0000000  EM
              2 -0.40286281D+04    0.0000008    0.0000000  EM


DIAGRAM INFORMATION

  Mplus diagrams are currently not available for multilevel analysis.
  No diagram output was produced.


     Beginning Time:  10:31:24
        Ending Time:  10:31:24
       Elapsed Time:  00:00:00



MUTHEN & MUTHEN
3463 Stoner Ave.
Los Angeles, CA  90066

Tel: (310) 391-9971
Fax: (310) 391-8971
Web: www.StatModel.com
Support: Support@StatModel.com

Copyright (c) 1998-2015 Muthen & Muthen
