Mplus VERSION 7.4
MUTHEN & MUTHEN
02/29/2016  12:23 PM

INPUT INSTRUCTIONS

  TITLE:      Does trait extraversion predict extraverted states across the week?

  DATA:       FILE IS epa_example.csv;

  VARIABLE:    NAMES ARE id extrav e pa cont pow est past powst contst 
             timeel social semi;

              MISSING ARE *;

              USEVARIABLES ARE id extrav e social semi;

              BETWEEN ARE extrav; ! identify variables with only between variance
              ! variables that are not specified as between or within can have both
              ! between and within variance

              CLUSTER = id;

  ANALYSIS:   TYPE = TWOLEVEL RANDOM; ESTIMATOR=ml;

  MODEL:      %WITHIN%
              !e; ! estimate level 1 residual variance
              s1 | e ON social;
              s2 | e ON semi;

              %BETWEEN%
              extrav social semi; ! estimate level 2 residual variance
              e ON extrav;
              s1 s2 ON extrav;

  OUTPUT:     TECH1 TECH8 CINTERVAL;



INPUT READING TERMINATED NORMALLY



Does trait extraversion predict extraverted states across the week?

SUMMARY OF ANALYSIS

Number of groups                                                 1
Number of observations                                        1841

Number of dependent variables                                    1
Number of independent variables                                  3
Number of continuous latent variables                            2

Observed dependent variables

  Continuous
   E

Observed independent variables
   EXTRAV      SOCIAL      SEMI

Continuous latent variables
   S1          S2

Variables with special functions

  Cluster variable      ID

  Between variables
   EXTRAV


Estimator                                                       ML
Information matrix                                        OBSERVED
Maximum number of iterations                                   100
Convergence criterion                                    0.100D-05
Maximum number of EM iterations                                500
Convergence criteria for the EM algorithm
  Loglikelihood change                                   0.100D-02
  Relative loglikelihood change                          0.100D-05
  Derivative                                             0.100D-03
Minimum variance                                         0.100D-03
Maximum number of steepest descent iterations                   20
Maximum number of iterations for H1                           2000
Convergence criterion for H1                             0.100D-03
Optimization algorithm                                         EMA

Input data file(s)
  epa_example2.csv
Input data format  FREE


SUMMARY OF DATA

     Number of missing data patterns             1
     Number of clusters                         62



COVARIANCE COVERAGE OF DATA

Minimum covariance coverage value   0.100


     PROPORTION OF DATA PRESENT


           Covariance Coverage
              EXTRAV        E             SOCIAL        SEMI
              ________      ________      ________      ________
 EXTRAV         1.000
 E              1.000         1.000
 SOCIAL         1.000         1.000         1.000
 SEMI           1.000         1.000         1.000         1.000



THE MODEL ESTIMATION TERMINATED NORMALLY



MODEL FIT INFORMATION

Number of Free Parameters                       18

Loglikelihood

          H0 Value                       -7722.263

Information Criteria

          Akaike (AIC)                   15480.526
          Bayesian (BIC)                 15579.851
          Sample-Size Adjusted BIC       15522.666
            (n* = (n + 2) / 24)



MODEL RESULTS

                                                    Two-Tailed
                    Estimate       S.E.  Est./S.E.    P-Value

Within Level

 Variances
    SOCIAL             0.620      0.021     29.830      0.000
    SEMI               0.572      0.019     29.830      0.000

 Residual Variances
    E                  1.814      0.063     28.851      0.000

Between Level

 S1         ON
    EXTRAV             0.253      0.083      3.032      0.002

 S2         ON
    EXTRAV            -0.223      0.072     -3.077      0.002

 E          ON
    EXTRAV            -0.030      0.094     -0.321      0.748

 Means
    EXTRAV             0.000      0.126      0.000      1.000
    SOCIAL             0.081      0.038      2.116      0.034
    SEMI              -0.008      0.031     -0.256      0.798

 Intercepts
    E                  4.192      0.093     45.165      0.000
    S1                 1.999      0.082     24.483      0.000
    S2                -0.403      0.070     -5.782      0.000

 Variances
    EXTRAV             0.984      0.177      5.568      0.000
    SOCIAL             0.069      0.016      4.265      0.000
    SEMI               0.039      0.010      3.690      0.000

 Residual Variances
    E                  0.457      0.096      4.759      0.000
    S1                 0.270      0.071      3.778      0.000
    S2                 0.137      0.048      2.868      0.004


QUALITY OF NUMERICAL RESULTS

     Condition Number for the Information Matrix              0.382E-05
       (ratio of smallest to largest eigenvalue)


CONFIDENCE INTERVALS OF MODEL RESULTS

                  Lower .5%  Lower 2.5%    Lower 5%    Estimate    Upper 5%  Upper 2.5%   Upper .5%

Within Level

 Variances
    SOCIAL           0.566       0.579       0.586       0.620       0.654       0.660       0.673
    SEMI             0.522       0.534       0.540       0.572       0.603       0.609       0.621

 Residual Variances
    E                1.652       1.690       1.710       1.814       1.917       1.937       1.975

Between Level

 S1       ON
    EXTRAV           0.038       0.089       0.116       0.253       0.390       0.416       0.467

 S2       ON
    EXTRAV          -0.409      -0.364      -0.342      -0.223      -0.104      -0.081      -0.036

 E        ON
    EXTRAV          -0.273      -0.215      -0.185      -0.030       0.125       0.154       0.212

 Means
    EXTRAV          -0.324      -0.247      -0.207       0.000       0.207       0.247       0.324
    SOCIAL          -0.018       0.006       0.018       0.081       0.144       0.156       0.180
    SEMI            -0.087      -0.068      -0.058      -0.008       0.043       0.052       0.071

 Intercepts
    E                3.953       4.010       4.039       4.192       4.344       4.374       4.431
    S1               1.788       1.839       1.864       1.999       2.133       2.159       2.209
    S2              -0.582      -0.539      -0.517      -0.403      -0.288      -0.266      -0.223

 Variances
    EXTRAV           0.529       0.638       0.693       0.984       1.275       1.330       1.439
    SOCIAL           0.027       0.037       0.043       0.069       0.096       0.101       0.111
    SEMI             0.012       0.018       0.021       0.039       0.056       0.059       0.065

 Residual Variances
    E                0.210       0.269       0.299       0.457       0.615       0.645       0.704
    S1               0.086       0.130       0.152       0.270       0.387       0.410       0.454
    S2               0.014       0.044       0.059       0.137       0.216       0.231       0.261


TECHNICAL 1 OUTPUT


     PARAMETER SPECIFICATION FOR WITHIN


           NU
              EXTRAV        E             SOCIAL        SEMI
              ________      ________      ________      ________
 1                  0             0             0             0


           LAMBDA
              S1            S2            EXTRAV        E             SOCIAL
              ________      ________      ________      ________      ________
 EXTRAV             0             0             0             0             0
 E                  0             0             0             0             0
 SOCIAL             0             0             0             0             0
 SEMI               0             0             0             0             0


           LAMBDA
              SEMI
              ________
 EXTRAV             0
 E                  0
 SOCIAL             0
 SEMI               0


           THETA
              EXTRAV        E             SOCIAL        SEMI
              ________      ________      ________      ________
 EXTRAV             0
 E                  0             0
 SOCIAL             0             0             0
 SEMI               0             0             0             0


           ALPHA
              S1            S2            EXTRAV        E             SOCIAL
              ________      ________      ________      ________      ________
 1                  0             0             0             0             0


           ALPHA
              SEMI
              ________
 1                  0


           BETA
              S1            S2            EXTRAV        E             SOCIAL
              ________      ________      ________      ________      ________
 S1                 0             0             0             0             0
 S2                 0             0             0             0             0
 EXTRAV             0             0             0             0             0
 E                  0             0             0             0             0
 SOCIAL             0             0             0             0             0
 SEMI               0             0             0             0             0


           BETA
              SEMI
              ________
 S1                 0
 S2                 0
 EXTRAV             0
 E                  0
 SOCIAL             0
 SEMI               0


           PSI
              S1            S2            EXTRAV        E             SOCIAL
              ________      ________      ________      ________      ________
 S1                 0
 S2                 0             0
 EXTRAV             0             0             0
 E                  0             0             0             1
 SOCIAL             0             0             0             0             2
 SEMI               0             0             0             0             0


           PSI
              SEMI
              ________
 SEMI               3


     PARAMETER SPECIFICATION FOR BETWEEN


           NU
              EXTRAV        E             SOCIAL        SEMI
              ________      ________      ________      ________
 1                  0             0             0             0


           LAMBDA
              S1            S2            EXTRAV        E             SOCIAL
              ________      ________      ________      ________      ________
 EXTRAV             0             0             0             0             0
 E                  0             0             0             0             0
 SOCIAL             0             0             0             0             0
 SEMI               0             0             0             0             0


           LAMBDA
              SEMI
              ________
 EXTRAV             0
 E                  0
 SOCIAL             0
 SEMI               0


           THETA
              EXTRAV        E             SOCIAL        SEMI
              ________      ________      ________      ________
 EXTRAV             0
 E                  0             0
 SOCIAL             0             0             0
 SEMI               0             0             0             0


           ALPHA
              S1            S2            EXTRAV        E             SOCIAL
              ________      ________      ________      ________      ________
 1                  4             5             6             7             8


           ALPHA
              SEMI
              ________
 1                  9


           BETA
              S1            S2            EXTRAV        E             SOCIAL
              ________      ________      ________      ________      ________
 S1                 0             0            10             0             0
 S2                 0             0            11             0             0
 EXTRAV             0             0             0             0             0
 E                  0             0            12             0             0
 SOCIAL             0             0             0             0             0
 SEMI               0             0             0             0             0


           BETA
              SEMI
              ________
 S1                 0
 S2                 0
 EXTRAV             0
 E                  0
 SOCIAL             0
 SEMI               0


           PSI
              S1            S2            EXTRAV        E             SOCIAL
              ________      ________      ________      ________      ________
 S1                13
 S2                 0            14
 EXTRAV             0             0            15
 E                  0             0             0            16
 SOCIAL             0             0             0             0            17
 SEMI               0             0             0             0             0


           PSI
              SEMI
              ________
 SEMI              18


     STARTING VALUES FOR WITHIN


           NU
              EXTRAV        E             SOCIAL        SEMI
              ________      ________      ________      ________
 1              0.000         0.000         0.000         0.000


           LAMBDA
              S1            S2            EXTRAV        E             SOCIAL
              ________      ________      ________      ________      ________
 EXTRAV         0.000         0.000         1.000         0.000         0.000
 E              0.000         0.000         0.000         1.000         0.000
 SOCIAL         0.000         0.000         0.000         0.000         1.000
 SEMI           0.000         0.000         0.000         0.000         0.000


           LAMBDA
              SEMI
              ________
 EXTRAV         0.000
 E              0.000
 SOCIAL         0.000
 SEMI           1.000


           THETA
              EXTRAV        E             SOCIAL        SEMI
              ________      ________      ________      ________
 EXTRAV         0.000
 E              0.000         0.000
 SOCIAL         0.000         0.000         0.000
 SEMI           0.000         0.000         0.000         0.000


           ALPHA
              S1            S2            EXTRAV        E             SOCIAL
              ________      ________      ________      ________      ________
 1              0.000         0.000         0.000         0.000         0.000


           ALPHA
              SEMI
              ________
 1              0.000


           BETA
              S1            S2            EXTRAV        E             SOCIAL
              ________      ________      ________      ________      ________
 S1             0.000         0.000         0.000         0.000         0.000
 S2             0.000         0.000         0.000         0.000         0.000
 EXTRAV         0.000         0.000         0.000         0.000         0.000
 E              0.000         0.000         0.000         0.000         0.000
 SOCIAL         0.000         0.000         0.000         0.000         0.000
 SEMI           0.000         0.000         0.000         0.000         0.000


           BETA
              SEMI
              ________
 S1             0.000
 S2             0.000
 EXTRAV         0.000
 E              0.000
 SOCIAL         0.000
 SEMI           0.000


           PSI
              S1            S2            EXTRAV        E             SOCIAL
              ________      ________      ________      ________      ________
 S1             0.000
 S2             0.000         0.000
 EXTRAV         0.000         0.000         0.000
 E              0.000         0.000         0.000         2.426
 SOCIAL         0.000         0.000         0.000         0.000         0.345
 SEMI           0.000         0.000         0.000         0.000         0.000


           PSI
              SEMI
              ________
 SEMI           0.305


     STARTING VALUES FOR BETWEEN


           NU
              EXTRAV        E             SOCIAL        SEMI
              ________      ________      ________      ________
 1              0.000         0.000         0.000         0.000


           LAMBDA
              S1            S2            EXTRAV        E             SOCIAL
              ________      ________      ________      ________      ________
 EXTRAV         0.000         0.000         1.000         0.000         0.000
 E              0.000         0.000         0.000         1.000         0.000
 SOCIAL         0.000         0.000         0.000         0.000         1.000
 SEMI           0.000         0.000         0.000         0.000         0.000


           LAMBDA
              SEMI
              ________
 EXTRAV         0.000
 E              0.000
 SOCIAL         0.000
 SEMI           1.000


           THETA
              EXTRAV        E             SOCIAL        SEMI
              ________      ________      ________      ________
 EXTRAV         0.000
 E              0.000         0.000
 SOCIAL         0.000         0.000         0.000
 SEMI           0.000         0.000         0.000         0.000


           ALPHA
              S1            S2            EXTRAV        E             SOCIAL
              ________      ________      ________      ________      ________
 1              0.000         0.000        -0.011         4.346         0.083


           ALPHA
              SEMI
              ________
 1             -0.003


           BETA
              S1            S2            EXTRAV        E             SOCIAL
              ________      ________      ________      ________      ________
 S1             0.000         0.000         0.000         0.000         0.000
 S2             0.000         0.000         0.000         0.000         0.000
 EXTRAV         0.000         0.000         0.000         0.000         0.000
 E              0.000         0.000         0.000         0.000         0.000
 SOCIAL         0.000         0.000         0.000         0.000         0.000
 SEMI           0.000         0.000         0.000         0.000         0.000


           BETA
              SEMI
              ________
 S1             0.000
 S2             0.000
 EXTRAV         0.000
 E              0.000
 SOCIAL         0.000
 SEMI           0.000


           PSI
              S1            S2            EXTRAV        E             SOCIAL
              ________      ________      ________      ________      ________
 S1             1.000
 S2             0.000         1.000
 EXTRAV         0.000         0.000         0.463
 E              0.000         0.000         0.000         2.426
 SOCIAL         0.000         0.000         0.000         0.000         0.345
 SEMI           0.000         0.000         0.000         0.000         0.000


           PSI
              SEMI
              ________
 SEMI           0.305


TECHNICAL 8 OUTPUT


   E STEP  ITER  LOGLIKELIHOOD    ABS CHANGE   REL CHANGE  ALGORITHM
              1 -0.83826347D+04    0.0000000    0.0000000  EM
              2 -0.77436574D+04  638.9772587    0.0762263  EM
              3 -0.77266200D+04   17.0374562    0.0022002  EM
              4 -0.77236292D+04    2.9908223    0.0003871  EM
              5 -0.77227855D+04    0.8437008    0.0001092  EM
              6 -0.77224875D+04    0.2979748    0.0000386  EM
              7 -0.77223672D+04    0.1203232    0.0000156  EM
              8 -0.77223139D+04    0.0532253    0.0000069  EM
              9 -0.77222888D+04    0.0251103    0.0000033  EM
             10 -0.77222764D+04    0.0123988    0.0000016  EM
             11 -0.77222701D+04    0.0063200    0.0000008  EM
             12 -0.77222668D+04    0.0032931    0.0000004  EM
             13 -0.77222651D+04    0.0017421    0.0000002  EM
             14 -0.77222641D+04    0.0009312    0.0000001  EM
             15 -0.77222636D+04    0.0005014    0.0000001  EM
             16 -0.77222634D+04    0.0002711    0.0000000  EM
             17 -0.77222632D+04    0.0001473    0.0000000  EM
             18 -0.77222631D+04    0.0000803    0.0000000  EM
             19 -0.77222631D+04    0.0000438    0.0000000  EM
             20 -0.77222631D+04    0.0000239    0.0000000  EM


DIAGRAM INFORMATION

  Mplus diagrams are currently not available for multilevel analysis.
  No diagram output was produced.


     Beginning Time:  12:23:56
        Ending Time:  12:23:56
       Elapsed Time:  00:00:00



MUTHEN & MUTHEN
3463 Stoner Ave.
Los Angeles, CA  90066

Tel: (310) 391-9971
Fax: (310) 391-8971
Web: www.StatModel.com
Support: Support@StatModel.com

Copyright (c) 1998-2015 Muthen & Muthen
